[2026-03-23 12:30:23] Delegation complete: EXECUTE.md (exit code: 141)
[2026-03-23 12:30:23] WARNING: EXECUTE.md delegation returned non-zero.
[2026-03-23 12:30:23] Step B: Running tests...
[2026-03-23 12:30:23] Running tests...
[2026-03-23 12:30:25] Tests PASSED
[2026-03-23 12:30:25] [iteration 2] executed EXECUTE.md — tests: PASS
[2026-03-23 12:30:25] Backlog is empty (AUDIT.md and PLAN.md absent/empty).
[2026-03-23 12:30:25] Running tests...
[2026-03-23 12:30:26] Tests PASSED
[2026-03-23 12:30:26] 
[2026-03-23 12:30:26] === LOOP COMPLETE ===
[2026-03-23 12:30:26] Iterations: 2
[2026-03-23 12:30:26] Tasks executed: 2
[2026-03-23 12:30:26] Test failures encountered: 0
[2026-03-23 12:30:26] Final test status: PASS
[2026-03-25 21:08:51] === LOOP STARTING ===
[2026-03-25 21:08:51] Working directory: /home/user/go/src/github.com/opd-ai/vp8
[2026-03-25 21:08:51] Prompt directory:  /home/user/go/src/github.com/opd-ai/go-stats-generator
[2026-03-25 21:08:51] Max iterations:    50
[2026-03-25 21:08:51] --- Initialization ---
[2026-03-25 21:08:51] AUDIT.md not found — delegating BASE_AUDIT.md...
[2026-03-25 21:08:51] Delegating: BASE_AUDIT.md
[2026-03-25 21:12:29] Delegation complete: BASE_AUDIT.md (exit code: 141)
[2026-03-25 21:12:29] AUDIT.md created successfully.
[2026-03-25 21:12:29] PLAN.md not found — delegating MAKE_PLAN.md...
[2026-03-25 21:12:29] Delegating: MAKE_PLAN.md
[2026-03-25 21:14:57] Delegation complete: MAKE_PLAN.md (exit code: 141)
[2026-03-25 21:14:57] PLAN.md created successfully.
[2026-03-25 21:14:57] --- Entering main loop (max 50 iterations) ---
[2026-03-25 21:14:57] 
[2026-03-25 21:14:57] === Iteration 1 / 50 ===
[2026-03-25 21:14:57] Step A: Executing next task...
[2026-03-25 21:14:57] Delegating: EXECUTE.md
[2026-03-25 21:22:00] Delegation complete: EXECUTE.md (exit code: 141)
[2026-03-25 21:22:00] WARNING: EXECUTE.md delegation returned non-zero.
[2026-03-25 21:22:00] Step B: Running tests...
[2026-03-25 21:22:00] Running tests...
[2026-03-25 21:22:03] Tests PASSED
[2026-03-25 21:22:03] [iteration 1] executed EXECUTE.md — tests: PASS
[2026-03-25 21:22:03] 
[2026-03-25 21:22:03] === Iteration 2 / 50 ===
[2026-03-25 21:22:03] Step A: Executing next task...
[2026-03-25 21:22:03] Delegating: EXECUTE.md
[2026-03-25 22:39:13] === LOOP STARTING ===
[2026-03-25 22:39:13] Working directory: /home/user/go/src/github.com/opd-ai/vp8
[2026-03-25 22:39:13] Prompt directory:  /home/user/go/src/github.com/opd-ai/go-stats-generator
[2026-03-25 22:39:13] Max iterations:    50
[2026-03-25 22:39:13] --- Initialization ---
[2026-03-25 22:39:13] AUDIT.md already exists — skipping BASE_AUDIT.md.
[2026-03-25 22:39:13] PLAN.md already exists — skipping MAKE_PLAN.md.
[2026-03-25 22:39:13] --- Entering main loop (max 50 iterations) ---
[2026-03-25 22:39:13] 
[2026-03-25 22:39:13] === Iteration 1 / 50 ===
[2026-03-25 22:39:13] Step A: Executing next task...
[2026-03-25 22:39:13] Delegating: EXECUTE.md
[2026-03-26 21:01:13] === LOOP STARTING ===
[2026-03-26 21:01:13] Working directory: /home/user/go/src/github.com/opd-ai/vp8
[2026-03-26 21:01:13] Prompt directory:  /home/user/go/src/github.com/opd-ai/go-stats-generator
[2026-03-26 21:01:13] Max iterations:    50
[2026-03-26 21:01:13] --- Initialization ---
[2026-03-26 21:01:13] AUDIT.md already exists — skipping BASE_AUDIT.md.
[2026-03-26 21:01:13] PLAN.md already exists — skipping MAKE_PLAN.md.
[2026-03-26 21:01:13] --- Entering main loop (max 50 iterations) ---
[2026-03-26 21:01:13] 
[2026-03-26 21:01:13] === Iteration 1 / 50 ===
[2026-03-26 21:01:13] Step A: Executing next task...
[2026-03-26 21:01:13] Delegating: EXECUTE.md
[2026-03-26 21:14:08] === LOOP STARTING ===
[2026-03-26 21:14:08] Working directory: /home/user/go/src/github.com/opd-ai/vp8
[2026-03-26 21:14:08] Prompt directory:  /home/user/go/src/github.com/opd-ai/go-stats-generator
[2026-03-26 21:14:08] Max iterations:    50
[2026-03-26 21:14:08] --- Initialization ---
[2026-03-26 21:14:08] AUDIT.md already exists — skipping BASE_AUDIT.md.
[2026-03-26 21:14:08] PLAN.md already exists — skipping MAKE_PLAN.md.
[2026-03-26 21:14:08] --- Entering main loop (max 50 iterations) ---
[2026-03-26 21:14:08] 
[2026-03-26 21:14:08] === Iteration 1 / 50 ===
[2026-03-26 21:14:08] Step A: Executing next task...
[2026-03-26 21:14:08] Delegating: EXECUTE.md
[2026-03-26 21:35:17] Delegation complete: EXECUTE.md (exit code: 1)
[2026-03-26 21:35:17] WARNING: EXECUTE.md delegation returned non-zero.
[2026-03-26 21:35:17] Step B: Running tests...
[2026-03-26 21:35:17] Running tests...
[2026-03-26 21:35:19] Tests FAILED (exit code: 1)
[2026-03-26 21:35:19] Tests failed — delegating FAIL.md to diagnose and fix...
[2026-03-26 21:35:19] Delegating: FAIL.md
[2026-03-27 13:17:02] === LOOP STARTING ===
[2026-03-27 13:17:02] Working directory: /home/user/go/src/github.com/opd-ai/vp8
[2026-03-27 13:17:02] Prompt directory:  /home/user/go/src/github.com/opd-ai/go-stats-generator
[2026-03-27 13:17:02] Max iterations:    50
[2026-03-27 13:17:02] --- Initialization ---
[2026-03-27 13:17:02] AUDIT.md already exists — skipping BASE_AUDIT.md.
[2026-03-27 13:17:02] PLAN.md already exists — skipping MAKE_PLAN.md.
[2026-03-27 13:17:02] --- Entering main loop (max 50 iterations) ---
[2026-03-27 13:17:02] 
[2026-03-27 13:17:02] === Iteration 1 / 50 ===
[2026-03-27 13:17:02] Step A: Executing next task...
[2026-03-27 13:17:02] Delegating: EXECUTE.md
[2026-03-27 13:46:55] Delegation complete: EXECUTE.md (exit code: 1)
[2026-03-27 13:46:55] WARNING: EXECUTE.md delegation returned non-zero.
[2026-03-27 13:46:55] Step B: Running tests...
[2026-03-27 13:46:55] Running tests...
[2026-03-27 13:46:55] Tests FAILED (exit code: 1)
[2026-03-27 13:46:55] Tests failed — delegating FAIL.md to diagnose and fix...
[2026-03-27 13:46:55] Delegating: FAIL.md
[2026-03-27 13:48:50] Delegation complete: FAIL.md (exit code: 141)
[2026-03-27 13:48:50] Running tests...
[2026-03-27 13:48:50] Tests FAILED (exit code: 1)
[2026-03-27 13:48:50] Tests still failing after FAIL.md — continuing to next iteration.
[2026-03-27 13:48:50] [iteration 1] executed EXECUTE.md + FAIL.md — tests: FAIL (persisted)
[2026-03-27 13:48:50] 
[2026-03-27 13:48:50] === Iteration 2 / 50 ===
[2026-03-27 13:48:50] Step A: Executing next task...
[2026-03-27 13:48:50] Delegating: EXECUTE.md
[2026-03-27 14:11:51] Delegation complete: EXECUTE.md (exit code: 1)
[2026-03-27 14:11:51] WARNING: EXECUTE.md delegation returned non-zero.
[2026-03-27 14:11:51] Step B: Running tests...
[2026-03-27 14:11:51] Running tests...
[2026-03-27 14:11:52] Tests FAILED (exit code: 1)
[2026-03-27 14:11:52] Tests failed — delegating FAIL.md to diagnose and fix...
[2026-03-27 14:11:52] Delegating: FAIL.md
[2026-03-27 14:12:48] Delegation complete: FAIL.md (exit code: 141)
[2026-03-27 14:12:48] Running tests...
[2026-03-27 14:12:48] Tests FAILED (exit code: 1)
[2026-03-27 14:12:48] Tests still failing after FAIL.md — continuing to next iteration.
[2026-03-27 14:12:48] [iteration 2] executed EXECUTE.md + FAIL.md — tests: FAIL (persisted)
[2026-03-27 14:12:48] 
[2026-03-27 14:12:48] === Iteration 3 / 50 ===
[2026-03-27 14:12:48] Step A: Executing next task...
[2026-03-27 14:12:48] Delegating: EXECUTE.md
[2026-03-27 14:26:21] Delegation complete: EXECUTE.md (exit code: 1)
[2026-03-27 14:26:21] WARNING: EXECUTE.md delegation returned non-zero.
[2026-03-27 14:26:21] Step B: Running tests...
[2026-03-27 14:26:21] Running tests...
[2026-03-27 14:26:21] Tests FAILED (exit code: 1)
[2026-03-27 14:26:21] Tests failed — delegating FAIL.md to diagnose and fix...
[2026-03-27 14:26:21] Delegating: FAIL.md
[2026-03-27 14:27:12] Delegation complete: FAIL.md (exit code: 141)
[2026-03-27 14:27:12] Running tests...
[2026-03-27 14:27:12] Tests FAILED (exit code: 1)
[2026-03-27 14:27:12] Tests still failing after FAIL.md — continuing to next iteration.
[2026-03-27 14:27:12] [iteration 3] executed EXECUTE.md + FAIL.md — tests: FAIL (persisted)
[2026-03-27 14:27:12] Step C: Periodic maintenance check (iteration 3)...
[2026-03-27 14:27:13] Complexity violations found: 194 functions exceed thresholds
[2026-03-27 14:27:13]   Complexity violations detected — delegating BREAKDOWN.md...
[2026-03-27 14:27:13] Delegating: BREAKDOWN.md
[2026-03-27 14:33:21] Delegation complete: BREAKDOWN.md (exit code: 1)
[2026-03-27 14:33:21] Running tests...
[2026-03-27 14:33:21] Tests FAILED (exit code: 1)
[2026-03-27 14:33:21]   Tests failed after BREAKDOWN.md — delegating FAIL.md...
[2026-03-27 14:33:21] Delegating: FAIL.md
[2026-03-27 14:34:44] Delegation complete: FAIL.md (exit code: 141)
[2026-03-27 14:34:44] Running tests...
[2026-03-27 14:34:45] Tests FAILED (exit code: 1)
[2026-03-27 14:34:45] [iteration 3] executed BREAKDOWN.md — tests: FAIL
[2026-03-27 14:34:45] Clone pairs (20) exceed threshold of 10
[2026-03-27 14:34:45]   Duplication threshold exceeded — delegating DEDUPLICATE.md...
[2026-03-27 14:34:45] Delegating: DEDUPLICATE.md
[2026-03-27 14:46:42] Delegation complete: DEDUPLICATE.md (exit code: 1)
[2026-03-27 14:46:42] Running tests...
[2026-03-27 14:46:42] Tests FAILED (exit code: 1)
[2026-03-27 14:46:42]   Tests failed after DEDUPLICATE.md — delegating FAIL.md...
[2026-03-27 14:46:42] Delegating: FAIL.md
[2026-03-27 14:59:54] === LOOP STARTING ===
[2026-03-27 14:59:54] Working directory: /home/user/go/src/github.com/opd-ai/vp8
[2026-03-27 14:59:54] Prompt directory:  /home/user/go/src/github.com/opd-ai/go-stats-generator
[2026-03-27 14:59:54] Max iterations:    50
[2026-03-27 14:59:54] --- Initialization ---
[2026-03-27 14:59:54] AUDIT.md already exists — skipping BASE_AUDIT.md.
[2026-03-27 14:59:54] PLAN.md already exists — skipping MAKE_PLAN.md.
[2026-03-27 14:59:54] --- Entering main loop (max 50 iterations) ---
[2026-03-27 14:59:54] 
[2026-03-27 14:59:54] === Iteration 1 / 50 ===
[2026-03-27 14:59:54] Step A: Executing next task...
[2026-03-27 14:59:54] Delegating: EXECUTE.md
[2026-03-27 15:19:04] Delegation complete: EXECUTE.md (exit code: 1)
[2026-03-27 15:19:04] WARNING: EXECUTE.md delegation returned non-zero.
[2026-03-27 15:19:04] Step B: Running tests...
[2026-03-27 15:19:04] Running tests...
[2026-03-27 15:19:04] Tests FAILED (exit code: 1)
[2026-03-27 15:19:04] Tests failed — delegating FAIL.md to diagnose and fix...
[2026-03-27 15:19:04] Delegating: FAIL.md
[2026-03-27 15:20:14] Delegation complete: FAIL.md (exit code: 141)
[2026-03-27 15:20:14] Running tests...
[2026-03-27 15:20:15] Tests FAILED (exit code: 1)
[2026-03-27 15:20:15] Tests still failing after FAIL.md — continuing to next iteration.
[2026-03-27 15:20:15] [iteration 1] executed EXECUTE.md + FAIL.md — tests: FAIL (persisted)
[2026-03-27 15:20:15] 
[2026-03-27 15:20:15] === Iteration 2 / 50 ===
[2026-03-27 15:20:15] Step A: Executing next task...
[2026-03-27 15:20:15] Delegating: EXECUTE.md
[2026-03-27 15:29:54] Delegation complete: EXECUTE.md (exit code: 1)
[2026-03-27 15:29:54] WARNING: EXECUTE.md delegation returned non-zero.
[2026-03-27 15:29:54] Step B: Running tests...
[2026-03-27 15:29:54] Running tests...
[2026-03-27 15:29:54] Tests FAILED (exit code: 1)
[2026-03-27 15:29:54] Tests failed — delegating FAIL.md to diagnose and fix...
[2026-03-27 15:29:54] Delegating: FAIL.md
[2026-03-27 15:30:41] Delegation complete: FAIL.md (exit code: 141)
[2026-03-27 15:30:41] Running tests...
[2026-03-27 15:30:41] Tests FAILED (exit code: 1)
[2026-03-27 15:30:41] Tests still failing after FAIL.md — continuing to next iteration.
[2026-03-27 15:30:41] [iteration 2] executed EXECUTE.md + FAIL.md — tests: FAIL (persisted)
[2026-03-27 15:30:41] 
[2026-03-27 15:30:41] === Iteration 3 / 50 ===
[2026-03-27 15:30:41] Step A: Executing next task...
[2026-03-27 15:30:41] Delegating: EXECUTE.md
[2026-03-27 16:26:56] Delegation complete: EXECUTE.md (exit code: 141)
[2026-03-27 16:26:56] WARNING: EXECUTE.md delegation returned non-zero.
[2026-03-27 16:26:56] Step B: Running tests...
[2026-03-27 16:26:56] Running tests...
[2026-03-27 16:26:56] Tests FAILED (exit code: 1)
[2026-03-27 16:26:56] Tests failed — delegating FAIL.md to diagnose and fix...
[2026-03-27 16:26:56] Delegating: FAIL.md
[2026-03-27 16:28:00] Delegation complete: FAIL.md (exit code: 141)
[2026-03-27 16:28:00] Running tests...
[2026-03-27 16:28:00] Tests FAILED (exit code: 1)
[2026-03-27 16:28:00] Tests still failing after FAIL.md — continuing to next iteration.
[2026-03-27 16:28:00] [iteration 3] executed EXECUTE.md + FAIL.md — tests: FAIL (persisted)
[2026-03-27 16:28:00] Step C: Periodic maintenance check (iteration 3)...
[2026-03-27 16:28:01] Complexity violations found: 197 functions exceed thresholds
[2026-03-27 16:28:01]   Complexity violations detected — delegating BREAKDOWN.md...
[2026-03-27 16:28:01] Delegating: BREAKDOWN.md
[2026-03-27 16:34:34] Delegation complete: BREAKDOWN.md (exit code: 141)
[2026-03-27 16:34:34] Running tests...
[2026-03-27 16:34:34] Tests FAILED (exit code: 1)
[2026-03-27 16:34:34]   Tests failed after BREAKDOWN.md — delegating FAIL.md...
[2026-03-27 16:34:34] Delegating: FAIL.md
[2026-03-27 16:35:11] Delegation complete: FAIL.md (exit code: 141)
[2026-03-27 16:35:11] Running tests...
[2026-03-27 16:35:11] Tests FAILED (exit code: 1)
[2026-03-27 16:35:11] [iteration 3] executed BREAKDOWN.md — tests: FAIL
[2026-03-27 16:35:11] Clone pairs (15) exceed threshold of 10
[2026-03-27 16:35:11]   Duplication threshold exceeded — delegating DEDUPLICATE.md...
[2026-03-27 16:35:11] Delegating: DEDUPLICATE.md
[2026-03-27 16:41:15] Delegation complete: DEDUPLICATE.md (exit code: 141)
[2026-03-27 16:41:15] Running tests...
[2026-03-27 16:41:15] Tests FAILED (exit code: 1)
[2026-03-27 16:41:15]   Tests failed after DEDUPLICATE.md — delegating FAIL.md...
[2026-03-27 16:41:15] Delegating: FAIL.md
[2026-03-27 16:42:02] Delegation complete: FAIL.md (exit code: 141)
[2026-03-27 16:42:02] Running tests...
[2026-03-27 16:42:02] Tests FAILED (exit code: 1)
[2026-03-27 16:42:02] [iteration 3] executed DEDUPLICATE.md — tests: FAIL
[2026-03-27 16:42:02] 
[2026-03-27 16:42:02] === Iteration 4 / 50 ===
[2026-03-27 16:42:02] Step A: Executing next task...
[2026-03-27 16:42:02] Delegating: EXECUTE.md
[2026-03-27 17:43:37] Delegation complete: EXECUTE.md (exit code: 141)
[2026-03-27 17:43:37] WARNING: EXECUTE.md delegation returned non-zero.
[2026-03-27 17:43:37] Step B: Running tests...
[2026-03-27 17:43:37] Running tests...
[2026-03-27 17:43:37] Tests FAILED (exit code: 1)
[2026-03-27 17:43:37] Tests failed — delegating FAIL.md to diagnose and fix...
[2026-03-27 17:43:37] Delegating: FAIL.md
[2026-03-27 17:44:39] Delegation complete: FAIL.md (exit code: 141)
[2026-03-27 17:44:39] Running tests...
[2026-03-27 17:44:39] Tests FAILED (exit code: 1)
[2026-03-27 17:44:39] Tests still failing after FAIL.md — continuing to next iteration.
[2026-03-27 17:44:39] [iteration 4] executed EXECUTE.md + FAIL.md — tests: FAIL (persisted)
[2026-03-27 17:44:39] 
[2026-03-27 17:44:39] === Iteration 5 / 50 ===
[2026-03-27 17:44:39] Step A: Executing next task...
[2026-03-27 17:44:39] Delegating: EXECUTE.md
[2026-03-27 17:51:49] Delegation complete: EXECUTE.md (exit code: 141)
[2026-03-27 17:51:49] WARNING: EXECUTE.md delegation returned non-zero.
[2026-03-27 17:51:49] Step B: Running tests...
[2026-03-27 17:51:49] Running tests...
[2026-03-27 17:51:49] Tests FAILED (exit code: 1)
[2026-03-27 17:51:49] Tests failed — delegating FAIL.md to diagnose and fix...
[2026-03-27 17:51:49] Delegating: FAIL.md
[2026-03-27 17:52:40] Delegation complete: FAIL.md (exit code: 141)
[2026-03-27 17:52:40] Running tests...
[2026-03-27 17:52:40] Tests FAILED (exit code: 1)
[2026-03-27 17:52:40] Tests still failing after FAIL.md — continuing to next iteration.
[2026-03-27 17:52:40] [iteration 5] executed EXECUTE.md + FAIL.md — tests: FAIL (persisted)
[2026-03-27 17:52:40] 
[2026-03-27 17:52:40] === Iteration 6 / 50 ===
[2026-03-27 17:52:40] Step A: Executing next task...
[2026-03-27 17:52:40] Delegating: EXECUTE.md
[2026-03-27 18:00:58] Delegation complete: EXECUTE.md (exit code: 141)
[2026-03-27 18:00:58] WARNING: EXECUTE.md delegation returned non-zero.
[2026-03-27 18:00:58] Step B: Running tests...
[2026-03-27 18:00:58] Running tests...
[2026-03-27 18:00:58] Tests FAILED (exit code: 1)
[2026-03-27 18:00:58] Tests failed — delegating FAIL.md to diagnose and fix...
[2026-03-27 18:00:58] Delegating: FAIL.md
[2026-03-27 18:01:37] Delegation complete: FAIL.md (exit code: 141)
[2026-03-27 18:01:37] Running tests...
[2026-03-27 18:01:37] Tests FAILED (exit code: 1)
[2026-03-27 18:01:37] Tests still failing after FAIL.md — continuing to next iteration.
[2026-03-27 18:01:37] [iteration 6] executed EXECUTE.md + FAIL.md — tests: FAIL (persisted)
[2026-03-27 18:01:37] Step C: Periodic maintenance check (iteration 6)...
[2026-03-27 18:01:38] Complexity violations found: 269 functions exceed thresholds
[2026-03-27 18:01:38]   Complexity violations detected — delegating BREAKDOWN.md...
[2026-03-27 18:01:38] Delegating: BREAKDOWN.md
[2026-03-27 18:22:40] Delegation complete: BREAKDOWN.md (exit code: 141)
[2026-03-27 18:22:40] Running tests...
[2026-03-27 18:22:40] Tests FAILED (exit code: 1)
[2026-03-27 18:22:40]   Tests failed after BREAKDOWN.md — delegating FAIL.md...
[2026-03-27 18:22:40] Delegating: FAIL.md
[2026-03-27 18:26:29] Delegation complete: FAIL.md (exit code: 141)
[2026-03-27 18:26:29] Running tests...
[2026-03-27 18:26:29] Tests FAILED (exit code: 1)
[2026-03-27 18:26:29] [iteration 6] executed BREAKDOWN.md — tests: FAIL
[2026-03-27 18:26:29] Backlog is empty (AUDIT.md and PLAN.md absent/empty).
[2026-03-27 18:26:29] Running tests...
[2026-03-27 18:26:29] Tests FAILED (exit code: 1)
[2026-03-27 18:26:29] Backlog empty but tests failing — delegating FAIL.md...
[2026-03-27 18:26:29] Delegating: FAIL.md
[2026-03-27 18:30:49] Delegation complete: FAIL.md (exit code: 141)
[2026-03-27 18:30:49] Running tests...
[2026-03-27 18:30:49] Tests FAILED (exit code: 1)
[2026-03-27 18:30:49] Tests still failing after FAIL.md on empty backlog — continuing.
[2026-03-27 18:30:49] 
[2026-03-27 18:30:49] === Iteration 7 / 50 ===
[2026-03-27 18:30:49] Step A: Executing next task...
[2026-03-27 18:30:49] Delegating: EXECUTE.md
[2026-03-27 18:36:24] Delegation complete: EXECUTE.md (exit code: 141)
[2026-03-27 18:36:24] WARNING: EXECUTE.md delegation returned non-zero.
[2026-03-27 18:36:24] Step B: Running tests...
[2026-03-27 18:36:24] Running tests...
[2026-03-27 18:36:24] Tests FAILED (exit code: 1)
[2026-03-27 18:36:24] Tests failed — delegating FAIL.md to diagnose and fix...
[2026-03-27 18:36:24] Delegating: FAIL.md
[2026-03-27 18:43:10] Delegation complete: FAIL.md (exit code: 141)
[2026-03-27 18:43:10] Running tests...
[2026-03-27 18:43:10] Tests FAILED (exit code: 1)
[2026-03-27 18:43:10] Tests still failing after FAIL.md — continuing to next iteration.
[2026-03-27 18:43:10] [iteration 7] executed EXECUTE.md + FAIL.md — tests: FAIL (persisted)
[2026-03-27 18:43:10] Backlog is empty (AUDIT.md and PLAN.md absent/empty).
[2026-03-27 18:43:10] Running tests...
[2026-03-27 18:43:10] Tests FAILED (exit code: 1)
[2026-03-27 18:43:10] Backlog empty but tests failing — delegating FAIL.md...
[2026-03-27 18:43:10] Delegating: FAIL.md
[2026-03-27 18:46:33] Delegation complete: FAIL.md (exit code: 141)
[2026-03-27 18:46:33] Running tests...
[2026-03-27 18:46:33] Tests FAILED (exit code: 1)
[2026-03-27 18:46:33] Tests still failing after FAIL.md on empty backlog — continuing.
[2026-03-27 18:46:33] 
[2026-03-27 18:46:33] === Iteration 8 / 50 ===
[2026-03-27 18:46:33] Step A: Executing next task...
[2026-03-27 18:46:33] Delegating: EXECUTE.md
[2026-03-27 18:51:04] Delegation complete: EXECUTE.md (exit code: 141)
[2026-03-27 18:51:04] WARNING: EXECUTE.md delegation returned non-zero.
[2026-03-27 18:51:04] Step B: Running tests...
[2026-03-27 18:51:04] Running tests...
[2026-03-27 18:51:04] Tests FAILED (exit code: 1)
[2026-03-27 18:51:04] Tests failed — delegating FAIL.md to diagnose and fix...
[2026-03-27 18:51:04] Delegating: FAIL.md
[2026-03-27 18:52:57] Delegation complete: FAIL.md (exit code: 141)
[2026-03-27 18:52:57] Running tests...
[2026-03-27 18:52:57] Tests FAILED (exit code: 1)
[2026-03-27 18:52:57] Tests still failing after FAIL.md — continuing to next iteration.
[2026-03-27 18:52:57] [iteration 8] executed EXECUTE.md + FAIL.md — tests: FAIL (persisted)
[2026-03-27 18:52:57] Backlog is empty (AUDIT.md and PLAN.md absent/empty).
[2026-03-27 18:52:57] Running tests...
[2026-03-27 18:52:57] Tests FAILED (exit code: 1)
[2026-03-27 18:52:57] Backlog empty but tests failing — delegating FAIL.md...
[2026-03-27 18:52:57] Delegating: FAIL.md
[2026-03-27 18:54:54] Delegation complete: FAIL.md (exit code: 141)
[2026-03-27 18:54:54] Running tests...
[2026-03-27 18:54:54] Tests FAILED (exit code: 1)
[2026-03-27 18:54:54] Tests still failing after FAIL.md on empty backlog — continuing.
[2026-03-27 18:54:54] 
[2026-03-27 18:54:54] === Iteration 9 / 50 ===
[2026-03-27 18:54:54] Step A: Executing next task...
[2026-03-27 18:54:54] Delegating: EXECUTE.md
[2026-03-27 19:01:06] Delegation complete: EXECUTE.md (exit code: 141)
[2026-03-27 19:01:06] WARNING: EXECUTE.md delegation returned non-zero.
[2026-03-27 19:01:06] Step B: Running tests...
[2026-03-27 19:01:06] Running tests...
[2026-03-27 19:01:06] Tests FAILED (exit code: 1)
[2026-03-27 19:01:06] Tests failed — delegating FAIL.md to diagnose and fix...
[2026-03-27 19:01:06] Delegating: FAIL.md
[2026-03-27 19:04:24] Delegation complete: FAIL.md (exit code: 141)
[2026-03-27 19:04:25] Running tests...
[2026-03-27 19:04:25] Tests FAILED (exit code: 1)
[2026-03-27 19:04:25] Tests still failing after FAIL.md — continuing to next iteration.
[2026-03-27 19:04:25] [iteration 9] executed EXECUTE.md + FAIL.md — tests: FAIL (persisted)
[2026-03-27 19:04:25] Step C: Periodic maintenance check (iteration 9)...
[2026-03-27 19:04:25] Complexity violations found: 324 functions exceed thresholds
[2026-03-27 19:04:25]   Complexity violations detected — delegating BREAKDOWN.md...
[2026-03-27 19:04:25] Delegating: BREAKDOWN.md
[2026-03-27 19:59:23] Delegation complete: BREAKDOWN.md (exit code: 1)
[2026-03-27 19:59:23] Running tests...
[2026-03-27 19:59:23] Tests FAILED (exit code: 1)
[2026-03-27 19:59:23]   Tests failed after BREAKDOWN.md — delegating FAIL.md...
[2026-03-27 19:59:23] Delegating: FAIL.md
[2026-03-27 20:02:13] Delegation complete: FAIL.md (exit code: 141)
[2026-03-27 20:02:13] Running tests...
[2026-03-27 20:02:13] Tests FAILED (exit code: 1)
[2026-03-27 20:02:13] [iteration 9] executed BREAKDOWN.md — tests: FAIL
[2026-03-27 20:02:13] Backlog is empty (AUDIT.md and PLAN.md absent/empty).
[2026-03-27 20:02:13] Running tests...
[2026-03-27 20:02:13] Tests FAILED (exit code: 1)
[2026-03-27 20:02:13] Backlog empty but tests failing — delegating FAIL.md...
[2026-03-27 20:02:13] Delegating: FAIL.md
[2026-03-27 20:04:24] Delegation complete: FAIL.md (exit code: 141)
[2026-03-27 20:04:24] Running tests...
[2026-03-27 20:04:24] Tests FAILED (exit code: 1)
[2026-03-27 20:04:24] Tests still failing after FAIL.md on empty backlog — continuing.
[2026-03-27 20:04:24] 
[2026-03-27 20:04:24] === Iteration 10 / 50 ===
[2026-03-27 20:04:24] Step A: Executing next task...
[2026-03-27 20:04:24] Delegating: EXECUTE.md
[2026-03-27 20:12:41] Delegation complete: EXECUTE.md (exit code: 141)
[2026-03-27 20:12:41] WARNING: EXECUTE.md delegation returned non-zero.
[2026-03-27 20:12:41] Step B: Running tests...
[2026-03-27 20:12:41] Running tests...
[2026-03-27 20:12:41] Tests FAILED (exit code: 1)
[2026-03-27 20:12:41] Tests failed — delegating FAIL.md to diagnose and fix...
[2026-03-27 20:12:41] Delegating: FAIL.md
[2026-03-27 20:15:36] Delegation complete: FAIL.md (exit code: 141)
[2026-03-27 20:15:36] Running tests...
[2026-03-27 20:15:36] Tests FAILED (exit code: 1)
[2026-03-27 20:15:36] Tests still failing after FAIL.md — continuing to next iteration.
[2026-03-27 20:15:36] [iteration 10] executed EXECUTE.md + FAIL.md — tests: FAIL (persisted)
[2026-03-27 20:15:36] Backlog is empty (AUDIT.md and PLAN.md absent/empty).
[2026-03-27 20:15:36] Running tests...
[2026-03-27 20:15:36] Tests FAILED (exit code: 1)
[2026-03-27 20:15:36] Backlog empty but tests failing — delegating FAIL.md...
[2026-03-27 20:15:36] Delegating: FAIL.md
[2026-03-27 20:18:27] Delegation complete: FAIL.md (exit code: 141)
[2026-03-27 20:18:27] Running tests...
[2026-03-27 20:18:27] Tests FAILED (exit code: 1)
[2026-03-27 20:18:27] Tests still failing after FAIL.md on empty backlog — continuing.
[2026-03-27 20:18:27] 
[2026-03-27 20:18:27] === Iteration 11 / 50 ===
[2026-03-27 20:18:27] Step A: Executing next task...
[2026-03-27 20:18:27] Delegating: EXECUTE.md
[2026-03-27 20:27:37] Delegation complete: EXECUTE.md (exit code: 141)
[2026-03-27 20:27:37] WARNING: EXECUTE.md delegation returned non-zero.
[2026-03-27 20:27:37] Step B: Running tests...
[2026-03-27 20:27:37] Running tests...
[2026-03-27 20:27:37] Tests FAILED (exit code: 1)
[2026-03-27 20:27:37] Tests failed — delegating FAIL.md to diagnose and fix...
[2026-03-27 20:27:37] Delegating: FAIL.md
[2026-03-27 20:31:10] Delegation complete: FAIL.md (exit code: 141)
[2026-03-27 20:31:10] Running tests...
[2026-03-27 20:31:10] Tests FAILED (exit code: 1)
[2026-03-27 20:31:10] Tests still failing after FAIL.md — continuing to next iteration.
[2026-03-27 20:31:10] [iteration 11] executed EXECUTE.md + FAIL.md — tests: FAIL (persisted)
[2026-03-27 20:31:10] Backlog is empty (AUDIT.md and PLAN.md absent/empty).
[2026-03-27 20:31:10] Running tests...
[2026-03-27 20:31:10] Tests FAILED (exit code: 1)
[2026-03-27 20:31:10] Backlog empty but tests failing — delegating FAIL.md...
[2026-03-27 20:31:10] Delegating: FAIL.md
[2026-03-27 20:33:35] Delegation complete: FAIL.md (exit code: 141)
[2026-03-27 20:33:35] Running tests...
[2026-03-27 20:33:35] Tests FAILED (exit code: 1)
[2026-03-27 20:33:35] Tests still failing after FAIL.md on empty backlog — continuing.
[2026-03-27 20:33:35] 
[2026-03-27 20:33:35] === Iteration 12 / 50 ===
[2026-03-27 20:33:35] Step A: Executing next task...
[2026-03-27 20:33:35] Delegating: EXECUTE.md
[2026-03-27 20:39:11] Delegation complete: EXECUTE.md (exit code: 141)
[2026-03-27 20:39:11] WARNING: EXECUTE.md delegation returned non-zero.
[2026-03-27 20:39:11] Step B: Running tests...
[2026-03-27 20:39:11] Running tests...
[2026-03-27 20:39:11] Tests FAILED (exit code: 1)
[2026-03-27 20:39:11] Tests failed — delegating FAIL.md to diagnose and fix...
[2026-03-27 20:39:11] Delegating: FAIL.md
[2026-03-27 20:41:11] Delegation complete: FAIL.md (exit code: 141)
[2026-03-27 20:41:11] Running tests...
[2026-03-27 20:41:11] Tests FAILED (exit code: 1)
[2026-03-27 20:41:11] Tests still failing after FAIL.md — continuing to next iteration.
[2026-03-27 20:41:11] [iteration 12] executed EXECUTE.md + FAIL.md — tests: FAIL (persisted)
[2026-03-27 20:41:11] Step C: Periodic maintenance check (iteration 12)...
[2026-03-27 20:41:12] Complexity violations found: 381 functions exceed thresholds
[2026-03-27 20:41:12]   Complexity violations detected — delegating BREAKDOWN.md...
[2026-03-27 20:41:12] Delegating: BREAKDOWN.md
[2026-03-27 20:48:38] Delegation complete: BREAKDOWN.md (exit code: 1)
[2026-03-27 20:48:38] Running tests...
[2026-03-27 20:48:38] Tests FAILED (exit code: 1)
[2026-03-27 20:48:38]   Tests failed after BREAKDOWN.md — delegating FAIL.md...
[2026-03-27 20:48:38] Delegating: FAIL.md
[2026-03-27 20:51:18] Delegation complete: FAIL.md (exit code: 141)
[2026-03-27 20:51:18] Running tests...
[2026-03-27 20:51:19] Tests FAILED (exit code: 1)
[2026-03-27 20:51:19] [iteration 12] executed BREAKDOWN.md — tests: FAIL
[2026-03-27 20:51:19] Backlog is empty (AUDIT.md and PLAN.md absent/empty).
[2026-03-27 20:51:19] Running tests...
[2026-03-27 20:51:19] Tests FAILED (exit code: 1)
[2026-03-27 20:51:19] Backlog empty but tests failing — delegating FAIL.md...
[2026-03-27 20:51:19] Delegating: FAIL.md
[2026-03-27 20:53:40] Delegation complete: FAIL.md (exit code: 141)
[2026-03-27 20:53:40] Running tests...
[2026-03-27 20:53:40] Tests FAILED (exit code: 1)
[2026-03-27 20:53:40] Tests still failing after FAIL.md on empty backlog — continuing.
[2026-03-27 20:53:40] 
[2026-03-27 20:53:40] === Iteration 13 / 50 ===
[2026-03-27 20:53:40] Step A: Executing next task...
[2026-03-27 20:53:40] Delegating: EXECUTE.md
[2026-03-27 20:58:42] Delegation complete: EXECUTE.md (exit code: 141)
[2026-03-27 20:58:42] WARNING: EXECUTE.md delegation returned non-zero.
[2026-03-27 20:58:42] Step B: Running tests...
[2026-03-27 20:58:42] Running tests...
[2026-03-27 20:58:42] Tests FAILED (exit code: 1)
[2026-03-27 20:58:42] Tests failed — delegating FAIL.md to diagnose and fix...
[2026-03-27 20:58:42] Delegating: FAIL.md
[2026-03-27 21:01:59] Delegation complete: FAIL.md (exit code: 141)
[2026-03-27 21:01:59] Running tests...
[2026-03-27 21:01:59] Tests FAILED (exit code: 1)
[2026-03-27 21:01:59] Tests still failing after FAIL.md — continuing to next iteration.
[2026-03-27 21:01:59] [iteration 13] executed EXECUTE.md + FAIL.md — tests: FAIL (persisted)
[2026-03-27 21:01:59] Backlog is empty (AUDIT.md and PLAN.md absent/empty).
[2026-03-27 21:01:59] Running tests...
[2026-03-27 21:01:59] Tests FAILED (exit code: 1)
[2026-03-27 21:01:59] Backlog empty but tests failing — delegating FAIL.md...
[2026-03-27 21:01:59] Delegating: FAIL.md
[2026-04-06 21:05:02] === LOOP STARTING ===
[2026-04-06 21:05:02] Working directory: /home/user/go/src/github.com/opd-ai/vp8
[2026-04-06 21:05:02] Prompt directory:  /home/user/go/src/github.com/opd-ai/go-stats-generator/prompts
[2026-04-06 21:05:02] Max iterations:    50
[2026-04-06 21:05:02] --- Initialization ---
[2026-04-06 21:05:02] AUDIT.md already exists — skipping BASE_AUDIT.md.
[2026-04-06 21:05:02] PLAN.md not found — delegating MAKE_PLAN.md...
[2026-04-06 21:05:02] Delegating: MAKE_PLAN.md
[2026-04-06 21:07:47] Delegation complete: MAKE_PLAN.md (exit code: 141)
[2026-04-06 21:07:47] PLAN.md created successfully.
[2026-04-06 21:07:47] --- Entering main loop (max 50 iterations) ---
[2026-04-06 21:07:47] 
[2026-04-06 21:07:47] === Iteration 1 / 50 ===
[2026-04-06 21:07:47] Step A: Executing next task...
[2026-04-06 21:07:47] Delegating: EXECUTE.md
[2026-04-06 21:14:58] Delegation complete: EXECUTE.md (exit code: 1)
[2026-04-06 21:14:58] WARNING: EXECUTE.md delegation returned non-zero.
[2026-04-06 21:14:58] Step B: Running tests...
[2026-04-06 21:14:58] Running tests...
[2026-04-06 21:15:02] Tests PASSED
[2026-04-06 21:15:02] [iteration 1] executed EXECUTE.md — tests: PASS
[2026-04-06 21:15:02] 
[2026-04-06 21:15:02] === Iteration 2 / 50 ===
[2026-04-06 21:15:02] Step A: Executing next task...
[2026-04-06 21:15:02] Delegating: EXECUTE.md
[2026-04-06 21:20:46] Delegation complete: EXECUTE.md (exit code: 1)
[2026-04-06 21:20:46] WARNING: EXECUTE.md delegation returned non-zero.
[2026-04-06 21:20:46] Step B: Running tests...
[2026-04-06 21:20:46] Running tests...
[2026-04-06 21:20:49] Tests PASSED
[2026-04-06 21:20:49] [iteration 2] executed EXECUTE.md — tests: PASS
[2026-04-06 21:20:49] 
[2026-04-06 21:20:49] === Iteration 3 / 50 ===
[2026-04-06 21:20:49] Step A: Executing next task...
[2026-04-06 21:20:49] Delegating: EXECUTE.md
[2026-04-06 21:28:10] === LOOP STARTING ===
[2026-04-06 21:28:10] Working directory: /home/user/go/src/github.com/opd-ai/vp8
[2026-04-06 21:28:10] Prompt directory:  /home/user/go/src/github.com/opd-ai/go-stats-generator/prompts
[2026-04-06 21:28:10] Max iterations:    50
[2026-04-06 21:28:10] --- Initialization ---
[2026-04-06 21:28:10] AUDIT.md already exists — skipping BASE_AUDIT.md.
[2026-04-06 21:28:10] PLAN.md already exists — skipping MAKE_PLAN.md.
[2026-04-06 21:28:10] --- Entering main loop (max 50 iterations) ---
[2026-04-06 21:28:10] 
[2026-04-06 21:28:10] === Iteration 1 / 50 ===
[2026-04-06 21:28:10] Step A: Executing next task...
[2026-04-06 21:28:10] Delegating: EXECUTE.md
[2026-04-06 21:59:22] === LOOP STARTING ===
[2026-04-06 21:59:22] Working directory: /home/user/go/src/github.com/opd-ai/vp8
[2026-04-06 21:59:22] Prompt directory:  /home/user/go/src/github.com/opd-ai/go-stats-generator/prompts
[2026-04-06 21:59:22] Max iterations:    50
[2026-04-06 21:59:22] --- Initialization ---
[2026-04-06 21:59:22] AUDIT.md already exists — skipping BASE_AUDIT.md.
[2026-04-06 21:59:22] PLAN.md already exists — skipping MAKE_PLAN.md.
[2026-04-06 21:59:22] --- Entering main loop (max 50 iterations) ---
[2026-04-06 21:59:22] 
[2026-04-06 21:59:22] === Iteration 1 / 50 ===
[2026-04-06 21:59:22] Step A: Executing next task...
[2026-04-06 21:59:22] Delegating: EXECUTE.md
